<?xml version="1.0" encoding="UTF-8"?>
<testsuite name="com.customer.management.PxCustomermanagementServiceApplicationTests" tests="1" skipped="0" failures="0" errors="0" timestamp="2025-05-02T15:10:11.718Z" hostname="sfld-rr-rambati.local" time="0.294">
  <properties/>
  <testcase name="contextLoads()" classname="com.customer.management.PxCustomermanagementServiceApplicationTests" time="0.294"/>
  <system-out><![CDATA[11:10:09.984 [Test worker] INFO org.springframework.test.context.support.AnnotationConfigContextLoaderUtils -- Could not detect default configuration classes for test class [com.customer.management.PxCustomermanagementServiceApplicationTests]: PxCustomermanagementServiceApplicationTests does not declare any static, non-private, non-final, nested classes annotated with @Configuration.
11:10:10.021 [Test worker] INFO org.springframework.boot.test.context.SpringBootTestContextBootstrapper -- Found @SpringBootConfiguration com.customer.management.PxCustomermanagementServiceApplication for test class com.customer.management.PxCustomermanagementServiceApplicationTests

  .   ____          _            __ _ _
 /\\ / ___'_ __ _ _(_)_ __  __ _ \ \ \ \
( ( )\___ | '_ | '_| | '_ \/ _` | \ \ \ \
 \\/  ___)| |_)| | | | | || (_| |  ) ) ) )
  '  |____| .__|_| |_|_| |_\__, | / / / /
 =========|_|==============|___/=/_/_/_/

 :: Spring Boot ::                (v3.4.5)

2025-05-02T11:10:10.144-04:00  INFO 59018 --- [px-customermanagement-service] [    Test worker] ustomermanagementServiceApplicationTests : Starting PxCustomermanagementServiceApplicationTests using Java 17.0.13 with PID 59018 (started by rambati in /Users/rambati/Documents/workspace-spring-tool-suite-4-4.21.1.RELEASE/px-customermanagement-service)
2025-05-02T11:10:10.145-04:00  INFO 59018 --- [px-customermanagement-service] [    Test worker] ustomermanagementServiceApplicationTests : No active profile set, falling back to 1 default profile: "default"
2025-05-02T11:10:10.417-04:00  INFO 59018 --- [px-customermanagement-service] [    Test worker] .s.d.r.c.RepositoryConfigurationDelegate : Bootstrapping Spring Data JPA repositories in DEFAULT mode.
2025-05-02T11:10:10.440-04:00  INFO 59018 --- [px-customermanagement-service] [    Test worker] .s.d.r.c.RepositoryConfigurationDelegate : Finished Spring Data repository scanning in 20 ms. Found 1 JPA repository interface.
2025-05-02T11:10:10.590-04:00  INFO 59018 --- [px-customermanagement-service] [    Test worker] com.zaxxer.hikari.HikariDataSource       : HikariPool-1 - Starting...
2025-05-02T11:10:10.645-04:00  INFO 59018 --- [px-customermanagement-service] [    Test worker] com.zaxxer.hikari.pool.HikariPool        : HikariPool-1 - Added connection conn0: url=jdbc:h2:mem:testdb user=SA
2025-05-02T11:10:10.645-04:00  INFO 59018 --- [px-customermanagement-service] [    Test worker] com.zaxxer.hikari.HikariDataSource       : HikariPool-1 - Start completed.
2025-05-02T11:10:10.661-04:00  INFO 59018 --- [px-customermanagement-service] [    Test worker] o.hibernate.jpa.internal.util.LogHelper  : HHH000204: Processing PersistenceUnitInfo [name: default]
2025-05-02T11:10:10.675-04:00  INFO 59018 --- [px-customermanagement-service] [    Test worker] org.hibernate.Version                    : HHH000412: Hibernate ORM core version 6.6.13.Final
2025-05-02T11:10:10.684-04:00  INFO 59018 --- [px-customermanagement-service] [    Test worker] o.h.c.internal.RegionFactoryInitiator    : HHH000026: Second-level cache disabled
2025-05-02T11:10:10.885-04:00  INFO 59018 --- [px-customermanagement-service] [    Test worker] o.s.o.j.p.SpringPersistenceUnitInfo      : No LoadTimeWeaver setup: ignoring JPA class transformer
2025-05-02T11:10:10.909-04:00  WARN 59018 --- [px-customermanagement-service] [    Test worker] org.hibernate.orm.deprecation            : HHH90000025: H2Dialect does not need to be specified explicitly using 'hibernate.dialect' (remove the property setting and it will be selected by default)
2025-05-02T11:10:10.915-04:00  INFO 59018 --- [px-customermanagement-service] [    Test worker] org.hibernate.orm.connections.pooling    : HHH10001005: Database info:
	Database JDBC URL [Connecting through datasource 'HikariDataSource (HikariPool-1)']
	Database driver: undefined/unknown
	Database version: 2.3.232
	Autocommit mode: undefined/unknown
	Isolation level: undefined/unknown
	Minimum pool size: undefined/unknown
	Maximum pool size: undefined/unknown
2025-05-02T11:10:11.181-04:00  INFO 59018 --- [px-customermanagement-service] [    Test worker] o.h.e.t.j.p.i.JtaPlatformInitiator       : HHH000489: No JTA platform available (set 'hibernate.transaction.jta.platform' to enable JTA platform integration)
2025-05-02T11:10:11.193-04:00  INFO 59018 --- [px-customermanagement-service] [    Test worker] j.LocalContainerEntityManagerFactoryBean : Initialized JPA EntityManagerFactory for persistence unit 'default'
2025-05-02T11:10:11.326-04:00  WARN 59018 --- [px-customermanagement-service] [    Test worker] JpaBaseConfiguration$JpaWebConfiguration : spring.jpa.open-in-view is enabled by default. Therefore, database queries may be performed during view rendering. Explicitly configure spring.jpa.open-in-view to disable this warning
2025-05-02T11:10:11.336-04:00  WARN 59018 --- [px-customermanagement-service] [    Test worker] .s.s.UserDetailsServiceAutoConfiguration : 

Using generated security password: 940d49d3-9aeb-4344-becb-6dd4363f1606

This generated password is for development use only. Your security configuration must be updated before running your application in production.

2025-05-02T11:10:11.348-04:00  INFO 59018 --- [px-customermanagement-service] [    Test worker] r$InitializeUserDetailsManagerConfigurer : Global AuthenticationManager configured with UserDetailsService bean with name inMemoryUserDetailsManager
2025-05-02T11:10:11.650-04:00  INFO 59018 --- [px-customermanagement-service] [    Test worker] o.s.b.a.h2.H2ConsoleAutoConfiguration    : H2 console available at '/h2-console'. Database available at 'jdbc:h2:mem:testdb'
2025-05-02T11:10:11.691-04:00  INFO 59018 --- [px-customermanagement-service] [    Test worker] .w.s.a.s.AnnotationActionEndpointMapping : Supporting [WS-Addressing August 2004, WS-Addressing 1.0]
2025-05-02T11:10:11.713-04:00  INFO 59018 --- [px-customermanagement-service] [    Test worker] ustomermanagementServiceApplicationTests : Started PxCustomermanagementServiceApplicationTests in 1.64 seconds (process running for 2.056)
]]></system-out>
  <system-err><![CDATA[]]></system-err>
</testsuite>
